[INFO ] 2021-08-06 00:12:35.794 [main] Main - For döngüsü baþladý
[DEBUG] 2021-08-06 00:12:35.799 [main] Main - 1 is not a prime number
[DEBUG] 2021-08-06 00:12:35.800 [main] Main - 2 is a prime number
[DEBUG] 2021-08-06 00:12:35.800 [main] Main - 2 exists in fibonacci series
[INFO ] 2021-08-06 00:12:35.801 [main] Main - 2. döngüde
[DEBUG] 2021-08-06 00:12:35.801 [main] Main - 3 is a prime number
[DEBUG] 2021-08-06 00:12:35.802 [main] Main - 3 exists in fibonacci series
[INFO ] 2021-08-06 00:12:35.803 [main] Main - 3. döngüde
[DEBUG] 2021-08-06 00:12:35.807 [main] Main - 4 is a prime number
[DEBUG] 2021-08-06 00:12:35.808 [main] Main - 5 is a prime number
[DEBUG] 2021-08-06 00:12:35.808 [main] Main - 5 exists in fibonacci series
[INFO ] 2021-08-06 00:12:35.810 [main] Main - 5. döngüde
[DEBUG] 2021-08-06 00:12:35.812 [main] Main - 6 is a prime number
[DEBUG] 2021-08-06 00:12:35.813 [main] Main - 7 is a prime number
[DEBUG] 2021-08-06 00:12:35.814 [main] Main - 8 is a prime number
[DEBUG] 2021-08-06 00:12:35.814 [main] Main - 9 is a prime number
[DEBUG] 2021-08-06 00:12:35.817 [main] Main - 10 is a prime number
[DEBUG] 2021-08-06 00:12:35.818 [main] Main - 11 is a prime number
[DEBUG] 2021-08-06 00:12:35.819 [main] Main - 12 is a prime number
[DEBUG] 2021-08-06 00:12:35.822 [main] Main - 13 is a prime number
[DEBUG] 2021-08-06 00:12:35.822 [main] Main - 13 exists in fibonacci series
[INFO ] 2021-08-06 00:12:35.823 [main] Main - 13. döngüde
[DEBUG] 2021-08-06 00:12:35.824 [main] Main - 14 is a prime number
[DEBUG] 2021-08-06 00:12:35.825 [main] Main - 15 is a prime number
[INFO ] 2021-08-06 00:13:40.942 [main] Main - For döngüsü baþladý
[DEBUG] 2021-08-06 00:13:40.945 [main] Main - 1 is not a prime number
[DEBUG] 2021-08-06 00:13:40.945 [main] Main - 2 is a prime number
[DEBUG] 2021-08-06 00:13:40.946 [main] Main - 2 exists in fibonacci series
[INFO ] 2021-08-06 00:13:40.946 [main] Main - 2. döngüde
[DEBUG] 2021-08-06 00:13:40.946 [main] Main - 3 is a prime number
[DEBUG] 2021-08-06 00:13:40.947 [main] Main - 3 exists in fibonacci series
[INFO ] 2021-08-06 00:13:40.947 [main] Main - 3. döngüde
[DEBUG] 2021-08-06 00:13:40.947 [main] Main - 4 is a prime number
[DEBUG] 2021-08-06 00:13:40.948 [main] Main - 5 is a prime number
[DEBUG] 2021-08-06 00:13:40.948 [main] Main - 5 exists in fibonacci series
[INFO ] 2021-08-06 00:13:40.948 [main] Main - 5. döngüde
[DEBUG] 2021-08-06 00:13:40.949 [main] Main - 6 is a prime number
[DEBUG] 2021-08-06 00:13:40.949 [main] Main - 7 is a prime number
[DEBUG] 2021-08-06 00:13:40.949 [main] Main - 8 is a prime number
[DEBUG] 2021-08-06 00:13:40.950 [main] Main - 9 is a prime number
[DEBUG] 2021-08-06 00:13:40.950 [main] Main - 10 is a prime number
[DEBUG] 2021-08-06 00:13:40.950 [main] Main - 11 is a prime number
[DEBUG] 2021-08-06 00:13:40.950 [main] Main - 12 is a prime number
[DEBUG] 2021-08-06 00:13:40.951 [main] Main - 13 is a prime number
[DEBUG] 2021-08-06 00:13:40.951 [main] Main - 13 exists in fibonacci series
[INFO ] 2021-08-06 00:13:40.951 [main] Main - 13. döngüde
[DEBUG] 2021-08-06 00:13:40.951 [main] Main - 14 is a prime number
[DEBUG] 2021-08-06 00:13:40.952 [main] Main - 15 is a prime number
